[0.244s] Invoking command in '/home/stas/Dron/KNRDron/rosDron/build/drone_interfaces': CMAKE_PREFIX_PATH=${CMAKE_PREFIX_PATH}:/home/stas/ros2_ws/install/turtlesim_pd_pkg:/home/stas/ros2_ws/install/my_py_pkg:/opt/ros/humble CONDA_PROMPT_MODIFIER=(Dron) /usr/bin/cmake /home/stas/Dron/KNRDron/rosDron/src/drone_interfaces -DCMAKE_INSTALL_PREFIX=/home/stas/Dron/KNRDron/rosDron/install/drone_interfaces
[0.255s] -- Found ament_cmake: 1.3.3 (/opt/ros/humble/share/ament_cmake/cmake)
[0.379s] -- Found rosidl_default_generators: 1.2.0 (/opt/ros/humble/share/rosidl_default_generators/cmake)
[0.381s] -- Using all available rosidl_typesupport_c: rosidl_typesupport_fastrtps_c;rosidl_typesupport_introspection_c
[0.383s] -- Found rosidl_adapter: 3.1.4 (/opt/ros/humble/share/rosidl_adapter/cmake)
[0.412s] -- Using all available rosidl_typesupport_cpp: rosidl_typesupport_fastrtps_cpp;rosidl_typesupport_introspection_cpp
[0.547s] [31mCMake Error at /opt/ros/humble/share/rosidl_adapter/cmake/rosidl_adapt_interfaces.cmake:59 (message):
[0.547s]   execute_process(/home/stas/miniconda3/envs/Dron/bin/python3.10 -m
[0.547s]   rosidl_adapter --package-name drone_interfaces --arguments-file
[0.547s]   /home/stas/Dron/KNRDron/rosDron/build/drone_interfaces/rosidl_adapter__arguments__drone_interfaces.json
[0.547s]   --output-dir
[0.547s]   /home/stas/Dron/KNRDron/rosDron/build/drone_interfaces/rosidl_adapter/drone_interfaces
[0.547s]   --output-file
[0.547s]   /home/stas/Dron/KNRDron/rosDron/build/drone_interfaces/rosidl_adapter/drone_interfaces.idls)
[0.547s]   returned error code 1:
[0.547s] 
[0.547s]   AttributeError processing template 'msg.idl.em'
[0.547s] 
[0.547s]   Traceback (most recent call last):
[0.548s] 
[0.548s]     File "/opt/ros/humble/local/lib/python3.10/dist-packages/rosidl_adapter/resource/__init__.py", line 48, in evaluate_template
[0.548s]       _interpreter = em.Interpreter(
[0.548s] 
[0.548s]   AttributeError: module 'em' has no attribute 'Interpreter'
[0.548s] 
[0.548s]   
[0.548s] 
[0.548s]   During handling of the above exception, another exception occurred:
[0.548s] 
[0.548s]   
[0.548s] 
[0.548s]   Traceback (most recent call last):
[0.548s] 
[0.548s]     File "/home/stas/miniconda3/envs/Dron/lib/python3.10/runpy.py", line 196, in _run_module_as_main
[0.548s]       return _run_code(code, main_globals, None,
[0.548s]     File "/home/stas/miniconda3/envs/Dron/lib/python3.10/runpy.py", line 86, in _run_code
[0.549s]       exec(code, run_globals)
[0.549s]     File "/opt/ros/humble/local/lib/python3.10/dist-packages/rosidl_adapter/__main__.py", line 19, in <module>
[0.549s]       sys.exit(main())
[0.549s]     File "/opt/ros/humble/local/lib/python3.10/dist-packages/rosidl_adapter/main.py", line 53, in main
[0.549s]       abs_idl_file = convert_to_idl(
[0.549s]     File "/opt/ros/humble/local/lib/python3.10/dist-packages/rosidl_adapter/__init__.py", line 19, in convert_to_idl
[0.549s]       return convert_msg_to_idl(
[0.549s]     File "/opt/ros/humble/local/lib/python3.10/dist-packages/rosidl_adapter/msg/__init__.py", line 39, in convert_msg_to_idl
[0.549s]       expand_template('msg.idl.em', data, output_file, encoding='iso-8859-1')
[0.549s]     File "/opt/ros/humble/local/lib/python3.10/dist-packages/rosidl_adapter/resource/__init__.py", line 23, in expand_template
[0.549s]       content = evaluate_template(template_name, data)
[0.549s]     File "/opt/ros/humble/local/lib/python3.10/dist-packages/rosidl_adapter/resource/__init__.py", line 69, in evaluate_template
[0.549s]       _interpreter.shutdown()
[0.549s] 
[0.549s]   AttributeError: 'NoneType' object has no attribute 'shutdown'
[0.549s] 
[0.549s] Call Stack (most recent call first):
[0.549s]   /opt/ros/humble/share/rosidl_cmake/cmake/rosidl_generate_interfaces.cmake:130 (rosidl_adapt_interfaces)
[0.550s]   CMakeLists.txt:14 (rosidl_generate_interfaces)
[0.550s] 
[0.550s] [0m
[0.550s] -- Configuring incomplete, errors occurred!
[0.550s] See also "/home/stas/Dron/KNRDron/rosDron/build/drone_interfaces/CMakeFiles/CMakeOutput.log".
[0.555s] Invoked command in '/home/stas/Dron/KNRDron/rosDron/build/drone_interfaces' returned '1': CMAKE_PREFIX_PATH=${CMAKE_PREFIX_PATH}:/home/stas/ros2_ws/install/turtlesim_pd_pkg:/home/stas/ros2_ws/install/my_py_pkg:/opt/ros/humble CONDA_PROMPT_MODIFIER=(Dron) /usr/bin/cmake /home/stas/Dron/KNRDron/rosDron/src/drone_interfaces -DCMAKE_INSTALL_PREFIX=/home/stas/Dron/KNRDron/rosDron/install/drone_interfaces
