[0.000000] (-) TimerEvent: {}
[0.000105] (drone_detector) JobQueued: {'identifier': 'drone_detector', 'dependencies': OrderedDict()}
[0.000570] (drone_interfaces) JobQueued: {'identifier': 'drone_interfaces', 'dependencies': OrderedDict()}
[0.000617] (drone_detector) JobStarted: {'identifier': 'drone_detector'}
[0.012280] (drone_interfaces) JobStarted: {'identifier': 'drone_interfaces'}
[0.099004] (-) TimerEvent: {}
[0.199281] (-) TimerEvent: {}
[0.253972] (drone_interfaces) JobProgress: {'identifier': 'drone_interfaces', 'progress': 'cmake'}
[0.254506] (drone_interfaces) Command: {'cmd': ['/usr/bin/cmake', '/home/stas/Dron/KNRDron/rosDron/src/drone_interfaces', '-DCMAKE_INSTALL_PREFIX=/home/stas/Dron/KNRDron/rosDron/install/drone_interfaces'], 'cwd': '/home/stas/Dron/KNRDron/rosDron/build/drone_interfaces', 'env': OrderedDict([('LESSOPEN', '| /usr/bin/lesspipe %s'), ('CONDA_PROMPT_MODIFIER', '(Dron)'), ('USER', 'stas'), ('LC_TIME', 'pl_PL.UTF-8'), ('XDG_SESSION_TYPE', 'x11'), ('SHLVL', '1'), ('LD_LIBRARY_PATH', '/opt/ros/humble/opt/rviz_ogre_vendor/lib:/opt/ros/humble/lib/x86_64-linux-gnu:/opt/ros/humble/lib'), ('HOME', '/home/stas'), ('CONDA_SHLVL', '2'), ('OLDPWD', '/home/stas/Dron/KNRDron/rosDron/src'), ('DESKTOP_SESSION', 'ubuntu'), ('ROS_PYTHON_VERSION', '3'), ('GNOME_SHELL_SESSION_MODE', 'ubuntu'), ('GTK_MODULES', 'gail:atk-bridge'), ('LC_MONETARY', 'pl_PL.UTF-8'), ('SYSTEMD_EXEC_PID', '1702'), ('DBUS_SESSION_BUS_ADDRESS', 'unix:path=/run/user/1000/bus'), ('COLORTERM', 'truecolor'), ('_CE_M', ''), ('COLCON_PREFIX_PATH', '/home/stas/ros2_ws/install'), ('ROS_DISTRO', 'humble'), ('GTK_IM_MODULE', 'ibus'), ('LOGNAME', 'stas'), ('_', '/usr/bin/colcon'), ('ROS_VERSION', '2'), ('XDG_SESSION_CLASS', 'user'), ('USERNAME', 'stas'), ('TERM', 'xterm-256color'), ('GNOME_DESKTOP_SESSION_ID', 'this-is-deprecated'), ('_CE_CONDA', ''), ('ROS_LOCALHOST_ONLY', '0'), ('WINDOWPATH', '2'), ('PATH', '/opt/ros/humble/bin:/home/stas/miniconda3/envs/Dron/bin:/home/stas/miniconda3/condabin:/home/stas/.local/bin:/usr/local/sbin:/usr/local/bin:/usr/sbin:/usr/bin:/sbin:/bin:/usr/games:/usr/local/games:/snap/bin:/snap/bin'), ('SESSION_MANAGER', 'local/stas-Legion-Y540-15IRH-PG0:@/tmp/.ICE-unix/1680,unix/stas-Legion-Y540-15IRH-PG0:/tmp/.ICE-unix/1680'), ('XDG_MENU_PREFIX', 'gnome-'), ('LC_ADDRESS', 'pl_PL.UTF-8'), ('GNOME_TERMINAL_SCREEN', '/org/gnome/Terminal/screen/87454e7a_df72_49c5_85fd_a3dd17ef00e1'), ('XDG_RUNTIME_DIR', '/run/user/1000'), ('DISPLAY', ':0'), ('LANG', 'en_US.UTF-8'), ('XDG_CURRENT_DESKTOP', 'ubuntu:GNOME'), ('LC_TELEPHONE', 'pl_PL.UTF-8'), ('CONDA_PREFIX_1', '/home/stas/miniconda3'), ('XMODIFIERS', '@im=ibus'), ('XDG_SESSION_DESKTOP', 'ubuntu'), ('XAUTHORITY', '/run/user/1000/gdm/Xauthority'), ('LS_COLORS', 'rs=0:di=01;34:ln=01;36:mh=00:pi=40;33:so=01;35:do=01;35:bd=40;33;01:cd=40;33;01:or=40;31;01:mi=00:su=37;41:sg=30;43:ca=30;41:tw=30;42:ow=34;42:st=37;44:ex=01;32:*.tar=01;31:*.tgz=01;31:*.arc=01;31:*.arj=01;31:*.taz=01;31:*.lha=01;31:*.lz4=01;31:*.lzh=01;31:*.lzma=01;31:*.tlz=01;31:*.txz=01;31:*.tzo=01;31:*.t7z=01;31:*.zip=01;31:*.z=01;31:*.dz=01;31:*.gz=01;31:*.lrz=01;31:*.lz=01;31:*.lzo=01;31:*.xz=01;31:*.zst=01;31:*.tzst=01;31:*.bz2=01;31:*.bz=01;31:*.tbz=01;31:*.tbz2=01;31:*.tz=01;31:*.deb=01;31:*.rpm=01;31:*.jar=01;31:*.war=01;31:*.ear=01;31:*.sar=01;31:*.rar=01;31:*.alz=01;31:*.ace=01;31:*.zoo=01;31:*.cpio=01;31:*.7z=01;31:*.rz=01;31:*.cab=01;31:*.wim=01;31:*.swm=01;31:*.dwm=01;31:*.esd=01;31:*.jpg=01;35:*.jpeg=01;35:*.mjpg=01;35:*.mjpeg=01;35:*.gif=01;35:*.bmp=01;35:*.pbm=01;35:*.pgm=01;35:*.ppm=01;35:*.tga=01;35:*.xbm=01;35:*.xpm=01;35:*.tif=01;35:*.tiff=01;35:*.png=01;35:*.svg=01;35:*.svgz=01;35:*.mng=01;35:*.pcx=01;35:*.mov=01;35:*.mpg=01;35:*.mpeg=01;35:*.m2v=01;35:*.mkv=01;35:*.webm=01;35:*.webp=01;35:*.ogm=01;35:*.mp4=01;35:*.m4v=01;35:*.mp4v=01;35:*.vob=01;35:*.qt=01;35:*.nuv=01;35:*.wmv=01;35:*.asf=01;35:*.rm=01;35:*.rmvb=01;35:*.flc=01;35:*.avi=01;35:*.fli=01;35:*.flv=01;35:*.gl=01;35:*.dl=01;35:*.xcf=01;35:*.xwd=01;35:*.yuv=01;35:*.cgm=01;35:*.emf=01;35:*.ogv=01;35:*.ogx=01;35:*.aac=00;36:*.au=00;36:*.flac=00;36:*.m4a=00;36:*.mid=00;36:*.midi=00;36:*.mka=00;36:*.mp3=00;36:*.mpc=00;36:*.ogg=00;36:*.ra=00;36:*.wav=00;36:*.oga=00;36:*.opus=00;36:*.spx=00;36:*.xspf=00;36:'), ('GNOME_TERMINAL_SERVICE', ':1.373'), ('SSH_AGENT_LAUNCHER', 'gnome-keyring'), ('SSH_AUTH_SOCK', '/run/user/1000/keyring/ssh'), ('AMENT_PREFIX_PATH', '/home/stas/ros2_ws/install/turtlesim_pd_pkg:/home/stas/ros2_ws/install/my_robot_bringup:/home/stas/ros2_ws/install/my_py_pkg:/opt/ros/humble'), ('CONDA_PYTHON_EXE', '/home/stas/miniconda3/bin/python'), ('SHELL', '/bin/bash'), ('LC_NAME', 'pl_PL.UTF-8'), ('QT_ACCESSIBILITY', '1'), ('GDMSESSION', 'ubuntu'), ('LESSCLOSE', '/usr/bin/lesspipe %s %s'), ('CONDA_DEFAULT_ENV', 'Dron'), ('LC_MEASUREMENT', 'pl_PL.UTF-8'), ('GPG_AGENT_INFO', '/run/user/1000/gnupg/S.gpg-agent:0:1'), ('LC_IDENTIFICATION', 'pl_PL.UTF-8'), ('QT_IM_MODULE', 'ibus'), ('PWD', '/home/stas/Dron/KNRDron/rosDron/build/drone_interfaces'), ('LC_ALL', 'en_US.UTF-8'), ('XDG_CONFIG_DIRS', '/etc/xdg/xdg-ubuntu:/etc/xdg'), ('CONDA_EXE', '/home/stas/miniconda3/bin/conda'), ('XDG_DATA_DIRS', '/usr/share/ubuntu:/usr/share/gnome:/usr/local/share/:/usr/share/:/var/lib/snapd/desktop'), ('PYTHONPATH', '/home/stas/ros2_ws/install/turtlesim_pd_pkg/lib/python3.10/site-packages:/home/stas/ros2_ws/install/my_py_pkg/lib/python3.10/site-packages:/opt/ros/humble/lib/python3.10/site-packages:/opt/ros/humble/local/lib/python3.10/dist-packages'), ('LC_NUMERIC', 'pl_PL.UTF-8'), ('CONDA_PREFIX', '/home/stas/miniconda3/envs/Dron'), ('LC_PAPER', 'pl_PL.UTF-8'), ('COLCON', '1'), ('VTE_VERSION', '6800'), ('CMAKE_PREFIX_PATH', '/home/stas/ros2_ws/install/my_robot_bringup:/home/stas/ros2_ws/install/turtlesim_pd_pkg:/home/stas/ros2_ws/install/my_py_pkg:/opt/ros/humble')]), 'shell': False}
[0.267609] (drone_interfaces) StdoutLine: {'line': b'-- Found ament_cmake: 1.3.3 (/opt/ros/humble/share/ament_cmake/cmake)\n'}
[0.299365] (-) TimerEvent: {}
[0.392218] (drone_interfaces) StdoutLine: {'line': b'-- Found rosidl_default_generators: 1.2.0 (/opt/ros/humble/share/rosidl_default_generators/cmake)\n'}
[0.393886] (drone_interfaces) StdoutLine: {'line': b'-- Using all available rosidl_typesupport_c: rosidl_typesupport_fastrtps_c;rosidl_typesupport_introspection_c\n'}
[0.396291] (drone_interfaces) StdoutLine: {'line': b'-- Found rosidl_adapter: 3.1.4 (/opt/ros/humble/share/rosidl_adapter/cmake)\n'}
[0.399439] (-) TimerEvent: {}
[0.424871] (drone_interfaces) StdoutLine: {'line': b'-- Using all available rosidl_typesupport_cpp: rosidl_typesupport_fastrtps_cpp;rosidl_typesupport_introspection_cpp\n'}
[0.499541] (-) TimerEvent: {}
[0.559656] (drone_interfaces) StderrLine: {'line': b'\x1b[31mCMake Error at /opt/ros/humble/share/rosidl_adapter/cmake/rosidl_adapt_interfaces.cmake:59 (message):\n'}
[0.559835] (drone_interfaces) StderrLine: {'line': b'  execute_process(/home/stas/miniconda3/envs/Dron/bin/python3.10 -m\n'}
[0.559957] (drone_interfaces) StderrLine: {'line': b'  rosidl_adapter --package-name drone_interfaces --arguments-file\n'}
[0.560024] (drone_interfaces) StderrLine: {'line': b'  /home/stas/Dron/KNRDron/rosDron/build/drone_interfaces/rosidl_adapter__arguments__drone_interfaces.json\n'}
[0.560086] (drone_interfaces) StderrLine: {'line': b'  --output-dir\n'}
[0.560146] (drone_interfaces) StderrLine: {'line': b'  /home/stas/Dron/KNRDron/rosDron/build/drone_interfaces/rosidl_adapter/drone_interfaces\n'}
[0.560208] (drone_interfaces) StderrLine: {'line': b'  --output-file\n'}
[0.560267] (drone_interfaces) StderrLine: {'line': b'  /home/stas/Dron/KNRDron/rosDron/build/drone_interfaces/rosidl_adapter/drone_interfaces.idls)\n'}
[0.560325] (drone_interfaces) StderrLine: {'line': b'  returned error code 1:\n'}
[0.560404] (drone_interfaces) StderrLine: {'line': b'\n'}
[0.560464] (drone_interfaces) StderrLine: {'line': b"  AttributeError processing template 'msg.idl.em'\n"}
[0.560522] (drone_interfaces) StderrLine: {'line': b'\n'}
[0.560580] (drone_interfaces) StderrLine: {'line': b'  Traceback (most recent call last):\n'}
[0.560638] (drone_interfaces) StderrLine: {'line': b'\n'}
[0.560696] (drone_interfaces) StderrLine: {'line': b'    File "/opt/ros/humble/local/lib/python3.10/dist-packages/rosidl_adapter/resource/__init__.py", line 48, in evaluate_template\n'}
[0.560761] (drone_interfaces) StderrLine: {'line': b'      _interpreter = em.Interpreter(\n'}
[0.560819] (drone_interfaces) StderrLine: {'line': b'\n'}
[0.560876] (drone_interfaces) StderrLine: {'line': b"  AttributeError: module 'em' has no attribute 'Interpreter'\n"}
[0.560934] (drone_interfaces) StderrLine: {'line': b'\n'}
[0.560992] (drone_interfaces) StderrLine: {'line': b'  \n'}
[0.561051] (drone_interfaces) StderrLine: {'line': b'\n'}
[0.561109] (drone_interfaces) StderrLine: {'line': b'  During handling of the above exception, another exception occurred:\n'}
[0.561167] (drone_interfaces) StderrLine: {'line': b'\n'}
[0.561224] (drone_interfaces) StderrLine: {'line': b'  \n'}
[0.561282] (drone_interfaces) StderrLine: {'line': b'\n'}
[0.561339] (drone_interfaces) StderrLine: {'line': b'  Traceback (most recent call last):\n'}
[0.561396] (drone_interfaces) StderrLine: {'line': b'\n'}
[0.561454] (drone_interfaces) StderrLine: {'line': b'    File "/home/stas/miniconda3/envs/Dron/lib/python3.10/runpy.py", line 196, in _run_module_as_main\n'}
[0.561512] (drone_interfaces) StderrLine: {'line': b'      return _run_code(code, main_globals, None,\n'}
[0.561570] (drone_interfaces) StderrLine: {'line': b'    File "/home/stas/miniconda3/envs/Dron/lib/python3.10/runpy.py", line 86, in _run_code\n'}
[0.561628] (drone_interfaces) StderrLine: {'line': b'      exec(code, run_globals)\n'}
[0.561685] (drone_interfaces) StderrLine: {'line': b'    File "/opt/ros/humble/local/lib/python3.10/dist-packages/rosidl_adapter/__main__.py", line 19, in <module>\n'}
[0.561743] (drone_interfaces) StderrLine: {'line': b'      sys.exit(main())\n'}
[0.561800] (drone_interfaces) StderrLine: {'line': b'    File "/opt/ros/humble/local/lib/python3.10/dist-packages/rosidl_adapter/main.py", line 53, in main\n'}
[0.561859] (drone_interfaces) StderrLine: {'line': b'      abs_idl_file = convert_to_idl(\n'}
[0.561919] (drone_interfaces) StderrLine: {'line': b'    File "/opt/ros/humble/local/lib/python3.10/dist-packages/rosidl_adapter/__init__.py", line 19, in convert_to_idl\n'}
[0.561977] (drone_interfaces) StderrLine: {'line': b'      return convert_msg_to_idl(\n'}
[0.562033] (drone_interfaces) StderrLine: {'line': b'    File "/opt/ros/humble/local/lib/python3.10/dist-packages/rosidl_adapter/msg/__init__.py", line 39, in convert_msg_to_idl\n'}
[0.562090] (drone_interfaces) StderrLine: {'line': b"      expand_template('msg.idl.em', data, output_file, encoding='iso-8859-1')\n"}
[0.562147] (drone_interfaces) StderrLine: {'line': b'    File "/opt/ros/humble/local/lib/python3.10/dist-packages/rosidl_adapter/resource/__init__.py", line 23, in expand_template\n'}
[0.562204] (drone_interfaces) StderrLine: {'line': b'      content = evaluate_template(template_name, data)\n'}
[0.562262] (drone_interfaces) StderrLine: {'line': b'    File "/opt/ros/humble/local/lib/python3.10/dist-packages/rosidl_adapter/resource/__init__.py", line 69, in evaluate_template\n'}
[0.562319] (drone_interfaces) StderrLine: {'line': b'      _interpreter.shutdown()\n'}
[0.562376] (drone_interfaces) StderrLine: {'line': b'\n'}
[0.562432] (drone_interfaces) StderrLine: {'line': b"  AttributeError: 'NoneType' object has no attribute 'shutdown'\n"}
[0.562490] (drone_interfaces) StderrLine: {'line': b'\n'}
[0.562547] (drone_interfaces) StderrLine: {'line': b'Call Stack (most recent call first):\n'}
[0.562613] (drone_interfaces) StderrLine: {'line': b'  /opt/ros/humble/share/rosidl_cmake/cmake/rosidl_generate_interfaces.cmake:130 (rosidl_adapt_interfaces)\n'}
[0.562672] (drone_interfaces) StderrLine: {'line': b'  CMakeLists.txt:14 (rosidl_generate_interfaces)\n'}
[0.562730] (drone_interfaces) StderrLine: {'line': b'\n'}
[0.562790] (drone_interfaces) StderrLine: {'line': b'\x1b[0m\n'}
[0.562847] (drone_interfaces) StdoutLine: {'line': b'-- Configuring incomplete, errors occurred!\n'}
[0.562913] (drone_interfaces) StdoutLine: {'line': b'See also "/home/stas/Dron/KNRDron/rosDron/build/drone_interfaces/CMakeFiles/CMakeOutput.log".\n'}
[0.567672] (drone_interfaces) CommandEnded: {'returncode': 1}
[0.591680] (drone_interfaces) JobEnded: {'identifier': 'drone_interfaces', 'rc': 1}
[0.592388] (drone_detector) JobEnded: {'identifier': 'drone_detector', 'rc': 'SIGINT'}
[0.599890] (-) TimerEvent: {}
[0.602612] (-) EventReactorShutdown: {}
